Words 146569
Vocabulary 11704
flow 1964
number 1309
pressur 1305
result 1086
effect 990
boundari 926
method 881
theori 869
layer 859
solut 847
mach 799
equat 777
bodi 736
us 730
wing 710
present 699
heat 686
surfac 661
obtain 643
distribut 641
shock 614
problem 590
temperatur 578
ratio 573
were 572
veloc 553
calcul 551
case 545
investig 522
given 519
approxim 516
condit 515
test 515
19 501
these 499
plate 489
ha 479
valu 478
experiment 468
superson 463
gener 451
made 449
measur 428
found 424
angl 420
wave 420
j 416
rang 415
speed 414
laminar 413
