Words 148264
Vocabulary 11400
flow 1965
number 1309
pressur 1305
result 1086
effect 990
boundari 926
method 883
theori 870
layer 860
solut 849
mach 800
equat 776
bodi 736
us 730
wing 710
present 699
heat 686
surfac 661
obtain 643
distribut 641
shock 614
problem 590
temperatur 580
ratio 573
were 572
veloc 554
calcul 551
case 545
investig 522
given 519
test 516
approxim 516
condit 515
j. 508
19 501
these 499
plate 490
ha 479
valu 477
experiment 468
superson 463
gener 451
made 449
measur 428
found 424
angl 421
wave 420
speed 415
rang 415
laminar 413
